==================================================================
2021/05/28_14:45:30:97
processName:make
PID:  1320
PPID: 7884
csID: 1
==================================================================
==================================================================
2021/05/28_14:45:30:145
processName:gcc
PID:  15812
PPID: 1320
csID: 2
==================================================================
==================================================================
2021/05/28_14:45:30:222
processName:cc1
PID:  8720
PPID: 15812
csID: 3
==================================================================
==================================================================
2021/05/28_14:45:30:329
processName:as
PID:  12724
PPID: 15812
csID: 4
==================================================================
==================================================================
2021/05/28_14:45:30:402
processName:gcc
PID:  15504
PPID: 1320
csID: 5
==================================================================
==================================================================
2021/05/28_14:45:30:477
processName:collect2
PID:  15980
PPID: 15504
csID: 6
==================================================================
==================================================================
2021/05/28_14:45:30:542
processName:ld
PID:  10188
PPID: 15980
csID: 7
==================================================================
