==================================================================
2021/05/31_15:19:07:150
processName:make
PID:  2996
PPID: 4092
csID: 1
==================================================================
==================================================================
2021/05/31_15:19:07:206
processName:gcc
PID:  19436
PPID: 2996
csID: 2
==================================================================
==================================================================
2021/05/31_15:19:07:280
processName:cc1
PID:  19956
PPID: 19436
csID: 3
==================================================================
==================================================================
2021/05/31_15:19:07:375
processName:as
PID:  15672
PPID: 19436
csID: 4
==================================================================
==================================================================
2021/05/31_15:19:07:458
processName:gcc
PID:  19804
PPID: 2996
csID: 5
==================================================================
==================================================================
2021/05/31_15:19:07:520
processName:collect2
PID:  21112
PPID: 19804
csID: 6
==================================================================
==================================================================
2021/05/31_15:19:07:578
processName:ld
PID:  11484
PPID: 21112
csID: 7
==================================================================
