==================================================================
2021/05/31_17:27:15:85
processName:make
PID:  15992
PPID: 13880
csID: 1
==================================================================
==================================================================
2021/05/31_17:27:15:140
processName:gcc
PID:  17520
PPID: 15992
csID: 2
==================================================================
==================================================================
2021/05/31_17:27:15:221
processName:cc1
PID:  17100
PPID: 17520
csID: 3
==================================================================
==================================================================
2021/05/31_17:27:15:315
processName:as
PID:  20736
PPID: 17520
csID: 4
==================================================================
==================================================================
2021/05/31_17:27:15:392
processName:gcc
PID:  9972
PPID: 15992
csID: 5
==================================================================
==================================================================
2021/05/31_17:27:15:457
processName:collect2
PID:  4568
PPID: 9972
csID: 6
==================================================================
==================================================================
2021/05/31_17:27:15:513
processName:ld
PID:  21220
PPID: 4568
csID: 7
==================================================================
