(19184)(    2)ME: C:\Program Files (x86)\GnuWin32\bin\make.exe
(19184)(    2) + HOME: C:\Users\mac1\AppData\Local\Suresofttech\STATIC Toolbox\apps\STATIC Client for C, C++ v1.1.6\
(19184)(    2) + WORKING: C:\Users\mac1\Downloads\make\.staticdata
(19184) + IGNORE: msbuild xxxxx // INTEREST: cl gcc cc g++ ar link ld xxx xc8 cpp cpstm8 castm8 clnk tricore-gcc tricore-g++ ctoa etoa ecomppc elxr
(19184)(    2) + Ignored EXENAME: make
(10576)(    4)ME: c:\mingw\bin\..\libexec\gcc\mingw32\6.3.0\cc1.exe
(10576)(    4) + HOME: C:\Users\mac1\AppData\Local\Suresofttech\STATIC Toolbox\apps\STATIC Client for C, C++ v1.1.6\
(10576)(    4) + WORKING: C:\Users\mac1\Downloads\make\.staticdata
(10576) + IGNORE: msbuild xxxxx // INTEREST: cl gcc cc g++ ar link ld xxx xc8 cpp cpstm8 castm8 clnk tricore-gcc tricore-g++ ctoa etoa ecomppc elxr
(10576)(    4)ME: c:\mingw\bin\..\libexec\gcc\mingw32\6.3.0\cc1.exe
(10576)(    4) + HOME: C:\Users\mac1\AppData\Local\Suresofttech\STATIC Toolbox\apps\STATIC Client for C, C++ v1.1.6\
(10576)(    4) + WORKING: C:\Users\mac1\Downloads\make\.staticdata
(10576) + IGNORE: msbuild xxxxx // INTEREST: cl gcc cc g++ ar link ld xxx xc8 cpp cpstm8 castm8 clnk tricore-gcc tricore-g++ ctoa etoa ecomppc elxr
(16940)(    5)ME: c:\mingw\bin\..\lib\gcc\mingw32\6.3.0\..\..\..\..\mingw32\bin\as.exe
(16940)(    5) + HOME: C:\Users\mac1\AppData\Local\Suresofttech\STATIC Toolbox\apps\STATIC Client for C, C++ v1.1.6\
(16940)(    5) + WORKING: C:\Users\mac1\Downloads\make\.staticdata
(16940) + IGNORE: msbuild xxxxx // INTEREST: cl gcc cc g++ ar link ld xxx xc8 cpp cpstm8 castm8 clnk tricore-gcc tricore-g++ ctoa etoa ecomppc elxr
(16940)(    5) + Ignored EXENAME: as
(16940)(    5)ME: c:\mingw\bin\..\lib\gcc\mingw32\6.3.0\..\..\..\..\mingw32\bin\as.exe
(16940)(    5) + HOME: C:\Users\mac1\AppData\Local\Suresofttech\STATIC Toolbox\apps\STATIC Client for C, C++ v1.1.6\
(16940)(    5) + WORKING: C:\Users\mac1\Downloads\make\.staticdata
(16940) + IGNORE: msbuild xxxxx // INTEREST: cl gcc cc g++ ar link ld xxx xc8 cpp cpstm8 castm8 clnk tricore-gcc tricore-g++ ctoa etoa ecomppc elxr
(10268)(    3)ME: C:\MinGW\bin\gcc.exe
(10268)(    3) + HOME: C:\Users\mac1\AppData\Local\Suresofttech\STATIC Toolbox\apps\STATIC Client for C, C++ v1.1.6\
(10268)(    3) + WORKING: C:\Users\mac1\Downloads\make\.staticdata
(10268) + IGNORE: msbuild xxxxx // INTEREST: cl gcc cc g++ ar link ld xxx xc8 cpp cpstm8 castm8 clnk tricore-gcc tricore-g++ ctoa etoa ecomppc elxr
(10268)(    3)ME: C:\MinGW\bin\gcc.exe
(10268)(    3) + HOME: C:\Users\mac1\AppData\Local\Suresofttech\STATIC Toolbox\apps\STATIC Client for C, C++ v1.1.6\
(10268)(    3) + WORKING: C:\Users\mac1\Downloads\make\.staticdata
(10268) + IGNORE: msbuild xxxxx // INTEREST: cl gcc cc g++ ar link ld xxx xc8 cpp cpstm8 castm8 clnk tricore-gcc tricore-g++ ctoa etoa ecomppc elxr
( 4236)(    7)ME: c:\mingw\bin\..\libexec\gcc\mingw32\6.3.0\collect2.exe
( 4236)(    7) + HOME: C:\Users\mac1\AppData\Local\Suresofttech\STATIC Toolbox\apps\STATIC Client for C, C++ v1.1.6\
( 4236)(    7) + WORKING: C:\Users\mac1\Downloads\make\.staticdata
( 4236) + IGNORE: msbuild xxxxx // INTEREST: cl gcc cc g++ ar link ld xxx xc8 cpp cpstm8 castm8 clnk tricore-gcc tricore-g++ ctoa etoa ecomppc elxr
( 4236)(    7) + Ignored EXENAME: collect2
(13036)(    8)ME: c:\mingw\bin\..\lib\gcc\mingw32\6.3.0\..\..\..\..\mingw32\bin\ld.exe
(13036)(    8) + HOME: C:\Users\mac1\AppData\Local\Suresofttech\STATIC Toolbox\apps\STATIC Client for C, C++ v1.1.6\
(13036)(    8) + WORKING: C:\Users\mac1\Downloads\make\.staticdata
(13036) + IGNORE: msbuild xxxxx // INTEREST: cl gcc cc g++ ar link ld xxx xc8 cpp cpstm8 castm8 clnk tricore-gcc tricore-g++ ctoa etoa ecomppc elxr
(13036)(    8)ME: c:\mingw\bin\..\lib\gcc\mingw32\6.3.0\..\..\..\..\mingw32\bin\ld.exe
(13036)(    8) + HOME: C:\Users\mac1\AppData\Local\Suresofttech\STATIC Toolbox\apps\STATIC Client for C, C++ v1.1.6\
(13036)(    8) + WORKING: C:\Users\mac1\Downloads\make\.staticdata
(13036) + IGNORE: msbuild xxxxx // INTEREST: cl gcc cc g++ ar link ld xxx xc8 cpp cpstm8 castm8 clnk tricore-gcc tricore-g++ ctoa etoa ecomppc elxr
( 4236)(    7)ME: c:\mingw\bin\..\libexec\gcc\mingw32\6.3.0\collect2.exe
( 4236)(    7) + HOME: C:\Users\mac1\AppData\Local\Suresofttech\STATIC Toolbox\apps\STATIC Client for C, C++ v1.1.6\
( 4236)(    7) + WORKING: C:\Users\mac1\Downloads\make\.staticdata
( 4236) + IGNORE: msbuild xxxxx // INTEREST: cl gcc cc g++ ar link ld xxx xc8 cpp cpstm8 castm8 clnk tricore-gcc tricore-g++ ctoa etoa ecomppc elxr
(14716)(    6)ME: C:\MinGW\bin\gcc.exe
(14716)(    6) + HOME: C:\Users\mac1\AppData\Local\Suresofttech\STATIC Toolbox\apps\STATIC Client for C, C++ v1.1.6\
(14716)(    6) + WORKING: C:\Users\mac1\Downloads\make\.staticdata
(14716) + IGNORE: msbuild xxxxx // INTEREST: cl gcc cc g++ ar link ld xxx xc8 cpp cpstm8 castm8 clnk tricore-gcc tricore-g++ ctoa etoa ecomppc elxr
(14716)(    6)ME: C:\MinGW\bin\gcc.exe
(14716)(    6) + HOME: C:\Users\mac1\AppData\Local\Suresofttech\STATIC Toolbox\apps\STATIC Client for C, C++ v1.1.6\
(14716)(    6) + WORKING: C:\Users\mac1\Downloads\make\.staticdata
(14716) + IGNORE: msbuild xxxxx // INTEREST: cl gcc cc g++ ar link ld xxx xc8 cpp cpstm8 castm8 clnk tricore-gcc tricore-g++ ctoa etoa ecomppc elxr
(19184)(    2)ME: C:\Program Files (x86)\GnuWin32\bin\make.exe
(19184)(    2) + HOME: C:\Users\mac1\AppData\Local\Suresofttech\STATIC Toolbox\apps\STATIC Client for C, C++ v1.1.6\
(19184)(    2) + WORKING: C:\Users\mac1\Downloads\make\.staticdata
(19184) + IGNORE: msbuild xxxxx // INTEREST: cl gcc cc g++ ar link ld xxx xc8 cpp cpstm8 castm8 clnk tricore-gcc tricore-g++ ctoa etoa ecomppc elxr
