==================================================================
2021/05/28_16:08:37:726
processName:make
PID:  19184
PPID: 17132
csID: 2
==================================================================
==================================================================
2021/05/28_16:08:37:781
processName:gcc
PID:  10268
PPID: 19184
csID: 3
==================================================================
==================================================================
2021/05/28_16:08:37:853
processName:cc1
PID:  10576
PPID: 10268
csID: 4
==================================================================
==================================================================
2021/05/28_16:08:37:948
processName:as
PID:  16940
PPID: 10268
csID: 5
==================================================================
==================================================================
2021/05/28_16:08:38:19
processName:gcc
PID:  14716
PPID: 19184
csID: 6
==================================================================
==================================================================
2021/05/28_16:08:38:81
processName:collect2
PID:  4236
PPID: 14716
csID: 7
==================================================================
==================================================================
2021/05/28_16:08:38:137
processName:ld
PID:  13036
PPID: 4236
csID: 8
==================================================================
